TN:
SF:src\middlewares\authMiddleWare.js
FN:3,(anonymous_0)
FN:4,(anonymous_1)
FNF:2
FNH:2
FNDA:17,(anonymous_0)
FNDA:17,(anonymous_1)
DA:1,1
DA:3,1
DA:4,17
DA:5,17
DA:8,17
DA:9,3
DA:15,14
DA:17,14
DA:19,14
DA:21,10
DA:24,10
DA:26,6
DA:27,4
DA:28,1
DA:34,2
DA:35,1
DA:42,8
DA:44,4
DA:51,1
LF:19
LH:19
BRDA:3,0,0,10
BRDA:8,1,0,3
BRDA:8,1,1,14
BRDA:8,2,0,17
BRDA:8,2,1,16
BRDA:24,3,0,6
BRDA:24,3,1,4
BRDA:26,4,0,4
BRDA:26,4,1,2
BRDA:27,5,0,1
BRDA:27,5,1,3
BRDA:34,6,0,1
BRDA:34,6,1,1
BRF:13
BRH:13
end_of_record
TN:
SF:src\middlewares\upload.js
FN:13,(anonymous_0)
FN:16,(anonymous_1)
FN:24,(anonymous_2)
FN:50,(anonymous_3)
FN:53,(anonymous_4)
FN:61,(anonymous_5)
FN:95,(anonymous_6)
FN:98,(anonymous_7)
FN:122,(anonymous_8)
FN:125,(anonymous_9)
FN:133,(anonymous_10)
FNF:11
FNH:0
FNDA:0,(anonymous_0)
FNDA:0,(anonymous_1)
FNDA:0,(anonymous_2)
FNDA:0,(anonymous_3)
FNDA:0,(anonymous_4)
FNDA:0,(anonymous_5)
FNDA:0,(anonymous_6)
FNDA:0,(anonymous_7)
FNDA:0,(anonymous_8)
FNDA:0,(anonymous_9)
FNDA:0,(anonymous_10)
DA:1,24
DA:2,24
DA:3,24
DA:6,24
DA:7,24
DA:8,0
DA:12,24
DA:14,0
DA:17,0
DA:18,0
DA:19,0
DA:24,24
DA:25,0
DA:26,0
DA:27,0
DA:29,0
DA:34,24
DA:43,24
DA:44,24
DA:45,0
DA:49,24
DA:51,0
DA:54,0
DA:55,0
DA:56,0
DA:61,24
DA:62,0
DA:71,0
DA:72,0
DA:74,0
DA:79,24
DA:88,24
DA:89,24
DA:90,0
DA:94,24
DA:96,0
DA:99,0
DA:100,0
DA:101,0
DA:106,24
DA:115,24
DA:116,24
DA:117,0
DA:121,24
DA:123,0
DA:126,0
DA:127,0
DA:128,0
DA:133,24
DA:134,0
DA:143,0
DA:144,0
DA:146,0
DA:151,24
DA:159,24
LF:55
LH:23
BRDA:7,0,0,0
BRDA:7,0,1,24
BRDA:26,1,0,0
BRDA:26,1,1,0
BRDA:44,2,0,0
BRDA:44,2,1,24
BRDA:71,3,0,0
BRDA:71,3,1,0
BRDA:89,4,0,0
BRDA:89,4,1,24
BRDA:116,5,0,0
BRDA:116,5,1,24
BRDA:143,6,0,0
BRDA:143,6,1,0
BRF:14
BRH:4
end_of_record
TN:
SF:src\modules\admin\adminController.js
FN:12,(anonymous_0)
FN:32,(anonymous_1)
FN:65,(anonymous_2)
FN:93,(anonymous_3)
FN:117,(anonymous_4)
FN:127,(anonymous_5)
FN:137,(anonymous_6)
FN:141,(anonymous_7)
FN:155,(anonymous_8)
FN:173,(anonymous_9)
FN:318,(anonymous_10)
FN:428,(anonymous_11)
FN:463,(anonymous_12)
FN:478,(anonymous_13)
FN:483,(anonymous_14)
FN:490,(anonymous_15)
FN:503,(anonymous_16)
FN:540,(anonymous_17)
FN:585,(anonymous_18)
FN:620,(anonymous_19)
FNF:20
FNH:7
FNDA:3,(anonymous_0)
FNDA:2,(anonymous_1)
FNDA:0,(anonymous_2)
FNDA:0,(anonymous_3)
FNDA:0,(anonymous_4)
FNDA:0,(anonymous_5)
FNDA:0,(anonymous_6)
FNDA:0,(anonymous_7)
FNDA:0,(anonymous_8)
FNDA:0,(anonymous_9)
FNDA:6,(anonymous_10)
FNDA:0,(anonymous_11)
FNDA:0,(anonymous_12)
FNDA:0,(anonymous_13)
FNDA:0,(anonymous_14)
FNDA:0,(anonymous_15)
FNDA:3,(anonymous_16)
FNDA:3,(anonymous_17)
FNDA:3,(anonymous_18)
FNDA:4,(anonymous_19)
DA:1,24
DA:2,24
DA:3,24
DA:4,24
DA:5,24
DA:6,24
DA:12,24
DA:13,3
DA:14,3
DA:16,3
DA:18,2
DA:19,1
DA:22,1
DA:27,1
DA:28,1
DA:32,24
DA:33,2
DA:35,2
DA:36,2
DA:38,2
DA:47,1
DA:56,1
DA:57,1
DA:65,24
DA:66,0
DA:68,0
DA:76,0
DA:83,0
DA:90,0
DA:93,0
DA:94,0
DA:95,0
DA:97,0
DA:98,0
DA:99,0
DA:100,0
DA:101,0
DA:102,0
DA:103,0
DA:104,0
DA:105,0
DA:108,0
DA:117,0
DA:118,0
DA:127,0
DA:128,0
DA:137,0
DA:138,0
DA:141,0
DA:142,0
DA:143,0
DA:144,0
DA:145,0
DA:146,0
DA:148,0
DA:149,0
DA:150,0
DA:151,0
DA:152,0
DA:155,0
DA:162,0
DA:164,0
DA:165,0
DA:173,24
DA:174,0
DA:175,0
DA:178,0
DA:187,0
DA:188,0
DA:190,0
DA:201,0
DA:206,0
DA:207,0
DA:208,0
DA:209,0
DA:211,0
DA:226,0
DA:236,0
DA:284,0
DA:291,0
DA:309,0
DA:310,0
DA:318,24
DA:319,6
DA:320,6
DA:323,6
DA:324,3
DA:330,3
DA:331,3
DA:332,1
DA:337,2
DA:338,2
DA:341,2
DA:342,2
DA:344,2
DA:345,1
DA:351,1
DA:352,1
DA:358,0
DA:361,0
DA:364,0
DA:365,0
DA:370,0
DA:372,0
DA:383,0
DA:395,0
DA:398,0
DA:399,0
DA:401,0
DA:406,0
DA:416,0
DA:417,0
DA:428,24
DA:429,0
DA:430,0
DA:432,0
DA:433,0
DA:436,0
DA:437,0
DA:439,0
DA:440,0
DA:441,0
DA:445,0
DA:446,0
DA:447,0
DA:449,0
DA:455,0
DA:456,0
DA:463,0
DA:478,0
DA:480,0
DA:481,0
DA:482,0
DA:484,0
DA:490,0
DA:492,0
DA:494,0
DA:495,0
DA:503,24
DA:504,3
DA:505,3
DA:506,3
DA:510,3
DA:511,1
DA:514,1
DA:515,1
DA:516,1
DA:519,2
DA:520,2
DA:521,1
DA:525,3
DA:526,1
DA:529,2
DA:531,0
DA:532,0
DA:540,24
DA:541,3
DA:542,3
DA:543,3
DA:544,3
DA:547,3
DA:549,3
DA:550,3
DA:552,3
DA:553,1
DA:554,1
DA:555,1
DA:557,1
DA:558,1
DA:559,1
DA:562,2
DA:564,2
DA:567,3
DA:568,1
DA:571,2
DA:576,0
DA:577,0
DA:585,24
DA:586,3
DA:587,3
DA:588,3
DA:592,3
DA:593,0
DA:595,3
DA:598,3
DA:599,1
DA:603,2
DA:604,2
DA:606,2
DA:611,0
DA:612,0
DA:620,24
DA:621,4
DA:622,4
DA:623,4
DA:627,4
DA:628,1
DA:630,3
DA:633,3
DA:634,1
DA:637,2
DA:638,1
DA:642,3
DA:643,1
DA:646,2
DA:648,0
DA:649,0
LF:207
LH:102
BRDA:18,0,0,1
BRDA:18,0,1,1
BRDA:97,1,0,0
BRDA:97,1,1,0
BRDA:99,2,0,0
BRDA:99,2,1,0
BRDA:100,3,0,0
BRDA:100,3,1,0
BRDA:102,4,0,0
BRDA:102,4,1,0
BRDA:103,5,0,0
BRDA:103,5,1,0
BRDA:105,6,0,0
BRDA:105,6,1,0
BRDA:148,7,0,0
BRDA:148,7,1,0
BRDA:149,8,0,0
BRDA:149,8,1,0
BRDA:150,9,0,0
BRDA:150,9,1,0
BRDA:150,10,0,0
BRDA:150,10,1,0
BRDA:151,11,0,0
BRDA:151,11,1,0
BRDA:201,12,0,0
BRDA:201,12,1,0
BRDA:203,13,0,0
BRDA:203,13,1,0
BRDA:285,14,0,0
BRDA:285,14,1,0
BRDA:286,15,0,0
BRDA:286,15,1,0
BRDA:287,16,0,0
BRDA:287,16,1,0
BRDA:288,17,0,0
BRDA:288,17,1,0
BRDA:323,18,0,3
BRDA:323,18,1,3
BRDA:323,19,0,6
BRDA:323,19,1,5
BRDA:323,19,2,4
BRDA:331,20,0,1
BRDA:331,20,1,2
BRDA:344,21,0,1
BRDA:344,21,1,1
BRDA:344,22,0,2
BRDA:344,22,1,1
BRDA:351,23,0,1
BRDA:351,23,1,0
BRDA:351,24,0,1
BRDA:351,24,1,1
BRDA:370,25,0,0
BRDA:370,25,1,0
BRDA:390,26,0,0
BRDA:390,26,1,0
BRDA:439,27,0,0
BRDA:439,27,1,0
BRDA:445,28,0,0
BRDA:445,28,1,0
BRDA:445,29,0,0
BRDA:445,29,1,0
BRDA:445,29,2,0
BRDA:446,30,0,0
BRDA:446,30,1,0
BRDA:455,31,0,0
BRDA:455,31,1,0
BRDA:455,32,0,0
BRDA:455,32,1,0
BRDA:468,33,0,0
BRDA:468,33,1,0
BRDA:468,33,2,0
BRDA:468,33,3,0
BRDA:480,34,0,0
BRDA:480,34,1,0
BRDA:484,35,0,0
BRDA:484,35,1,0
BRDA:510,36,0,1
BRDA:510,36,1,2
BRDA:514,37,0,1
BRDA:514,37,1,0
BRDA:520,38,0,1
BRDA:520,38,1,1
BRDA:525,39,0,1
BRDA:525,39,1,2
BRDA:549,40,0,3
BRDA:549,40,1,0
BRDA:550,41,0,0
BRDA:550,41,1,3
BRDA:552,42,0,1
BRDA:552,42,1,2
BRDA:553,43,0,1
BRDA:553,43,1,0
BRDA:554,44,0,0
BRDA:554,44,1,1
BRDA:555,45,0,0
BRDA:555,45,1,1
BRDA:558,46,0,1
BRDA:558,46,1,0
BRDA:562,47,0,0
BRDA:562,47,1,2
BRDA:567,48,0,1
BRDA:567,48,1,2
BRDA:592,49,0,0
BRDA:592,49,1,3
BRDA:598,50,0,1
BRDA:598,50,1,2
BRDA:603,51,0,1
BRDA:603,51,1,1
BRDA:607,52,0,1
BRDA:607,52,1,1
BRDA:627,53,0,1
BRDA:627,53,1,3
BRDA:633,54,0,1
BRDA:633,54,1,2
BRDA:633,55,0,3
BRDA:633,55,1,2
BRDA:637,56,0,1
BRDA:637,56,1,1
BRDA:642,57,0,1
BRDA:642,57,1,2
BRF:120
BRH:51
end_of_record
TN:
SF:src\modules\auth\authController.js
FN:19,(anonymous_0)
FN:103,(anonymous_1)
FN:161,(anonymous_2)
FNF:3
FNH:3
FNDA:11,(anonymous_0)
FNDA:6,(anonymous_1)
FNDA:7,(anonymous_2)
DA:1,1
DA:2,1
DA:3,1
DA:4,1
DA:5,1
DA:6,1
DA:19,1
DA:20,11
DA:21,11
DA:22,11
DA:23,11
DA:24,11
DA:25,11
DA:26,11
DA:29,11
DA:30,3
DA:35,8
DA:38,8
DA:39,7
DA:41,7
DA:42,2
DA:43,2
DA:46,7
DA:47,1
DA:53,6
DA:54,1
DA:60,5
DA:61,5
DA:62,1
DA:68,4
DA:71,4
DA:77,4
DA:80,4
DA:92,1
DA:93,1
DA:103,1
DA:104,6
DA:105,6
DA:107,6
DA:108,1
DA:113,5
DA:116,5
DA:118,4
DA:119,2
DA:123,4
DA:124,1
DA:130,3
DA:131,3
DA:134,3
DA:135,3
DA:136,3
DA:139,3
DA:140,3
DA:142,1
DA:145,3
DA:150,1
DA:151,1
DA:161,1
DA:162,7
DA:163,7
DA:165,7
DA:166,2
DA:171,5
DA:172,1
DA:178,4
DA:181,4
DA:186,3
DA:187,2
DA:193,3
DA:194,1
DA:200,2
DA:201,2
DA:202,2
DA:203,2
DA:204,2
DA:205,2
DA:207,2
DA:212,1
DA:213,1
LF:79
LH:79
BRDA:26,0,0,11
BRDA:26,0,1,0
BRDA:29,1,0,3
BRDA:29,1,1,8
BRDA:29,2,0,11
BRDA:29,2,1,9
BRDA:41,3,0,2
BRDA:41,3,1,5
BRDA:46,4,0,1
BRDA:46,4,1,6
BRDA:53,5,0,1
BRDA:53,5,1,5
BRDA:53,6,0,6
BRDA:53,6,1,6
BRDA:61,7,0,1
BRDA:61,7,1,4
BRDA:68,8,0,4
BRDA:68,8,1,3
BRDA:73,9,0,1
BRDA:73,9,1,3
BRDA:105,10,0,6
BRDA:105,10,1,0
BRDA:107,11,0,1
BRDA:107,11,1,5
BRDA:118,12,0,2
BRDA:118,12,1,2
BRDA:123,13,0,1
BRDA:123,13,1,3
BRDA:163,14,0,7
BRDA:163,14,1,0
BRDA:165,15,0,2
BRDA:165,15,1,5
BRDA:165,16,0,7
BRDA:165,16,1,6
BRDA:171,17,0,1
BRDA:171,17,1,4
BRDA:186,18,0,2
BRDA:186,18,1,1
BRDA:193,19,0,1
BRDA:193,19,1,2
BRF:40
BRH:37
end_of_record
TN:
SF:src\modules\notifications\notificationController.js
FN:7,(anonymous_0)
FN:68,(anonymous_1)
FN:80,(anonymous_2)
FN:95,(anonymous_3)
FN:126,(anonymous_4)
FN:145,(anonymous_5)
FN:169,(anonymous_6)
FN:188,(anonymous_7)
FN:205,(anonymous_8)
FN:230,(anonymous_9)
FN:233,(anonymous_10)
FN:236,(anonymous_11)
FN:241,(anonymous_12)
FN:242,(anonymous_13)
FN:247,(anonymous_14)
FN:302,(anonymous_15)
FN:317,(anonymous_16)
FNF:17
FNH:7
FNDA:2,(anonymous_0)
FNDA:2,(anonymous_1)
FNDA:2,(anonymous_2)
FNDA:2,(anonymous_3)
FNDA:2,(anonymous_4)
FNDA:2,(anonymous_5)
FNDA:3,(anonymous_6)
FNDA:0,(anonymous_7)
FNDA:0,(anonymous_8)
FNDA:0,(anonymous_9)
FNDA:0,(anonymous_10)
FNDA:0,(anonymous_11)
FNDA:0,(anonymous_12)
FNDA:0,(anonymous_13)
FNDA:0,(anonymous_14)
FNDA:0,(anonymous_15)
FNDA:0,(anonymous_16)
DA:1,11
DA:2,11
DA:7,11
DA:8,2
DA:9,2
DA:11,2
DA:17,1
DA:18,0
DA:61,0
DA:62,0
DA:68,2
DA:80,2
DA:82,1
DA:87,1
DA:88,1
DA:95,11
DA:96,2
DA:97,2
DA:98,2
DA:100,2
DA:106,2
DA:107,1
DA:110,1
DA:118,0
DA:119,0
DA:126,11
DA:127,2
DA:128,2
DA:130,2
DA:135,1
DA:137,1
DA:138,1
DA:145,11
DA:146,2
DA:147,2
DA:148,2
DA:150,2
DA:155,2
DA:156,1
DA:159,1
DA:161,0
DA:162,0
DA:169,11
DA:170,3
DA:171,3
DA:173,3
DA:178,2
DA:180,1
DA:181,1
DA:188,11
DA:189,0
DA:190,0
DA:191,0
DA:192,0
DA:194,0
DA:195,0
DA:202,11
DA:203,11
DA:205,11
DA:206,0
DA:207,0
DA:208,0
DA:211,0
DA:212,0
DA:218,0
DA:219,0
DA:220,0
DA:226,0
DA:228,0
DA:229,0
DA:230,0
DA:231,0
DA:232,0
DA:233,0
DA:234,0
DA:235,0
DA:236,0
DA:237,0
DA:238,0
DA:239,0
DA:240,0
DA:241,0
DA:242,0
DA:247,0
DA:262,0
DA:277,0
DA:278,0
DA:280,0
DA:282,0
DA:294,0
DA:295,0
DA:302,11
DA:303,0
DA:304,0
DA:307,0
DA:317,0
DA:327,0
DA:331,0
DA:332,0
LF:99
LH:47
BRDA:17,0,0,0
BRDA:17,0,1,1
BRDA:106,1,0,1
BRDA:106,1,1,1
BRDA:155,2,0,1
BRDA:155,2,1,1
BRDA:211,3,0,0
BRDA:211,3,1,0
BRDA:211,4,0,0
BRDA:211,4,1,0
BRDA:211,4,2,0
BRDA:219,5,0,0
BRDA:219,5,1,0
BRDA:228,6,0,0
BRDA:228,6,1,0
BRDA:231,7,0,0
BRDA:231,7,1,0
BRDA:234,8,0,0
BRDA:234,8,1,0
BRDA:237,9,0,0
BRDA:237,9,1,0
BRDA:277,10,0,0
BRDA:277,10,1,0
BRDA:324,11,0,0
BRDA:324,11,1,0
BRF:25
BRH:5
end_of_record
TN:
SF:src\modules\reviews\reviewController.js
FN:14,(anonymous_0)
FN:91,(anonymous_1)
FN:108,(anonymous_2)
FN:137,(anonymous_3)
FN:147,(anonymous_4)
FN:180,(anonymous_5)
FN:223,(anonymous_6)
FN:280,(anonymous_7)
FN:330,(anonymous_8)
FN:367,(anonymous_9)
FN:408,(anonymous_10)
FN:450,(anonymous_11)
FN:459,(anonymous_12)
FN:465,(anonymous_13)
FN:470,(anonymous_14)
FN:472,(anonymous_15)
FN:480,(anonymous_16)
FN:505,(anonymous_17)
FN:517,(anonymous_18)
FN:527,(anonymous_19)
FN:564,(anonymous_20)
FN:587,(anonymous_21)
FN:642,(anonymous_22)
FN:660,(anonymous_23)
FN:671,(anonymous_24)
FN:675,(anonymous_25)
FN:679,(anonymous_26)
FN:683,(anonymous_27)
FN:689,(anonymous_28)
FN:694,(anonymous_29)
FN:705,(anonymous_30)
FN:732,(anonymous_31)
FN:749,(anonymous_32)
FN:781,(anonymous_33)
FN:816,(anonymous_34)
FN:831,(anonymous_35)
FN:855,(anonymous_36)
FN:900,(anonymous_37)
FN:912,(anonymous_38)
FN:917,(anonymous_39)
FN:920,(anonymous_40)
FN:930,(anonymous_41)
FN:931,(anonymous_42)
FN:936,(anonymous_43)
FN:939,(anonymous_44)
FN:952,(anonymous_45)
FN:955,(anonymous_46)
FN:956,(anonymous_47)
FN:970,(anonymous_48)
FN:998,(anonymous_49)
FN:1122,(anonymous_50)
FN:1136,(anonymous_51)
FN:1277,(anonymous_52)
FN:1368,(anonymous_53)
FN:1383,(anonymous_54)
FN:1390,(anonymous_55)
FN:1395,(anonymous_56)
FN:1421,(anonymous_57)
FN:1491,(anonymous_58)
FN:1519,(anonymous_59)
FN:1526,(anonymous_60)
FN:1531,(anonymous_61)
FNF:62
FNH:5
FNDA:7,(anonymous_0)
FNDA:0,(anonymous_1)
FNDA:0,(anonymous_2)
FNDA:0,(anonymous_3)
FNDA:0,(anonymous_4)
FNDA:0,(anonymous_5)
FNDA:4,(anonymous_6)
FNDA:5,(anonymous_7)
FNDA:3,(anonymous_8)
FNDA:3,(anonymous_9)
FNDA:0,(anonymous_10)
FNDA:0,(anonymous_11)
FNDA:0,(anonymous_12)
FNDA:0,(anonymous_13)
FNDA:0,(anonymous_14)
FNDA:0,(anonymous_15)
FNDA:0,(anonymous_16)
FNDA:0,(anonymous_17)
FNDA:0,(anonymous_18)
FNDA:0,(anonymous_19)
FNDA:0,(anonymous_20)
FNDA:0,(anonymous_21)
FNDA:0,(anonymous_22)
FNDA:0,(anonymous_23)
FNDA:0,(anonymous_24)
FNDA:0,(anonymous_25)
FNDA:0,(anonymous_26)
FNDA:0,(anonymous_27)
FNDA:0,(anonymous_28)
FNDA:0,(anonymous_29)
FNDA:0,(anonymous_30)
FNDA:0,(anonymous_31)
FNDA:0,(anonymous_32)
FNDA:0,(anonymous_33)
FNDA:0,(anonymous_34)
FNDA:0,(anonymous_35)
FNDA:0,(anonymous_36)
FNDA:0,(anonymous_37)
FNDA:0,(anonymous_38)
FNDA:0,(anonymous_39)
FNDA:0,(anonymous_40)
FNDA:0,(anonymous_41)
FNDA:0,(anonymous_42)
FNDA:0,(anonymous_43)
FNDA:0,(anonymous_44)
FNDA:0,(anonymous_45)
FNDA:0,(anonymous_46)
FNDA:0,(anonymous_47)
FNDA:0,(anonymous_48)
FNDA:0,(anonymous_49)
FNDA:0,(anonymous_50)
FNDA:0,(anonymous_51)
FNDA:0,(anonymous_52)
FNDA:0,(anonymous_53)
FNDA:0,(anonymous_54)
FNDA:0,(anonymous_55)
FNDA:0,(anonymous_56)
FNDA:0,(anonymous_57)
FNDA:0,(anonymous_58)
FNDA:0,(anonymous_59)
FNDA:0,(anonymous_60)
FNDA:0,(anonymous_61)
DA:1,22
DA:2,22
DA:3,22
DA:4,22
DA:5,22
DA:6,22
DA:7,22
DA:8,22
DA:14,22
DA:15,7
DA:16,7
DA:26,7
DA:29,7
DA:30,1
DA:35,6
DA:36,1
DA:42,5
DA:43,4
DA:44,1
DA:48,3
DA:49,1
DA:55,2
DA:61,2
DA:62,1
DA:66,1
DA:68,1
DA:80,1
DA:91,0
DA:93,1
DA:98,1
DA:99,1
DA:108,22
DA:109,0
DA:110,0
DA:113,0
DA:118,0
DA:119,0
DA:122,0
DA:127,0
DA:129,0
DA:130,0
DA:137,22
DA:138,0
DA:139,0
DA:147,0
DA:170,0
DA:172,0
DA:173,0
DA:180,22
DA:181,0
DA:182,0
DA:183,0
DA:185,0
DA:192,0
DA:193,0
DA:196,0
DA:215,0
DA:216,0
DA:223,22
DA:224,4
DA:225,4
DA:226,4
DA:227,4
DA:229,4
DA:230,1
DA:233,3
DA:238,3
DA:239,1
DA:242,2
DA:243,1
DA:249,1
DA:250,0
DA:253,1
DA:254,1
DA:255,1
DA:258,1
DA:262,1
DA:272,0
DA:273,0
DA:280,22
DA:281,5
DA:282,5
DA:283,5
DA:284,5
DA:286,5
DA:287,1
DA:290,4
DA:295,4
DA:296,1
DA:299,3
DA:300,1
DA:305,2
DA:306,1
DA:311,1
DA:312,1
DA:313,1
DA:317,1
DA:322,0
DA:323,0
DA:330,22
DA:331,3
DA:332,3
DA:333,3
DA:335,3
DA:340,3
DA:341,1
DA:344,2
DA:345,1
DA:350,1
DA:351,1
DA:353,1
DA:359,0
DA:360,0
DA:367,22
DA:368,3
DA:369,3
DA:370,3
DA:371,3
DA:373,3
DA:378,3
DA:379,1
DA:382,2
DA:383,1
DA:388,1
DA:389,1
DA:390,1
DA:392,1
DA:394,1
DA:400,0
DA:401,0
DA:408,22
DA:409,0
DA:410,0
DA:411,0
DA:413,0
DA:420,0
DA:421,0
DA:424,0
DA:442,0
DA:443,0
DA:450,22
DA:451,0
DA:452,0
DA:453,0
DA:454,0
DA:455,0
DA:458,0
DA:459,0
DA:462,0
DA:465,0
DA:466,0
DA:470,0
DA:471,0
DA:472,0
DA:476,0
DA:477,0
DA:478,0
DA:480,0
DA:481,0
DA:482,0
DA:483,0
DA:484,0
DA:485,0
DA:486,0
DA:487,0
DA:488,0
DA:493,0
DA:498,0
DA:499,0
DA:501,0
DA:502,0
DA:503,0
DA:505,0
DA:506,0
DA:507,0
DA:510,0
DA:517,0
DA:518,0
DA:520,0
DA:521,0
DA:522,0
DA:526,0
DA:527,0
DA:528,0
DA:529,0
DA:532,0
DA:556,0
DA:557,0
DA:564,22
DA:565,0
DA:566,0
DA:568,0
DA:570,0
DA:571,0
DA:574,0
DA:579,0
DA:580,0
DA:587,22
DA:588,0
DA:589,0
DA:590,0
DA:593,0
DA:594,0
DA:598,0
DA:602,0
DA:603,0
DA:606,0
DA:607,0
DA:610,0
DA:611,0
DA:615,0
DA:616,0
DA:619,0
DA:625,0
DA:626,0
DA:629,0
DA:634,0
DA:635,0
DA:642,22
DA:643,0
DA:644,0
DA:645,0
DA:648,0
DA:654,0
DA:655,0
DA:656,0
DA:657,0
DA:658,0
DA:660,0
DA:661,0
DA:662,0
DA:670,0
DA:671,0
DA:675,0
DA:678,0
DA:679,0
DA:682,0
DA:683,0
DA:687,0
DA:690,0
DA:694,0
DA:705,0
DA:712,0
DA:723,0
DA:724,0
DA:732,22
DA:733,0
DA:734,0
DA:735,0
DA:738,0
DA:749,0
DA:764,0
DA:771,0
DA:773,0
DA:775,0
DA:776,0
DA:777,0
DA:781,0
DA:782,0
DA:783,0
DA:784,0
DA:787,0
DA:788,0
DA:799,0
DA:808,0
DA:809,0
DA:816,22
DA:817,0
DA:818,0
DA:821,0
DA:831,0
DA:845,0
DA:847,0
DA:848,0
DA:855,22
DA:856,0
DA:857,0
DA:858,0
DA:861,0
DA:870,0
DA:871,0
DA:875,0
DA:890,0
DA:892,0
DA:893,0
DA:900,22
DA:901,0
DA:902,0
DA:905,0
DA:911,0
DA:912,0
DA:913,0
DA:916,0
DA:917,0
DA:919,0
DA:920,0
DA:924,0
DA:929,0
DA:930,0
DA:931,0
DA:936,0
DA:939,0
DA:949,0
DA:950,0
DA:952,0
DA:953,0
DA:955,0
DA:956,0
DA:957,0
DA:958,0
DA:959,0
DA:960,0
DA:961,0
DA:969,0
DA:970,0
DA:971,0
DA:972,0
DA:973,0
DA:974,0
DA:978,0
DA:990,0
DA:991,0
DA:998,22
DA:999,0
DA:1000,0
DA:1001,0
DA:1002,0
DA:1005,0
DA:1006,0
DA:1012,0
DA:1019,0
DA:1020,0
DA:1021,0
DA:1025,0
DA:1026,0
DA:1031,0
DA:1032,0
DA:1039,0
DA:1044,0
DA:1045,0
DA:1049,0
DA:1050,0
DA:1056,0
DA:1060,0
DA:1061,0
DA:1067,0
DA:1080,0
DA:1083,0
DA:1084,0
DA:1085,0
DA:1088,0
DA:1089,0
DA:1100,0
DA:1104,0
DA:1114,0
DA:1115,0
DA:1122,22
DA:1123,0
DA:1124,0
DA:1125,0
DA:1126,0
DA:1129,0
DA:1130,0
DA:1136,0
DA:1137,0
DA:1138,0
DA:1140,0
DA:1141,0
DA:1143,0
DA:1146,0
DA:1147,0
DA:1148,0
DA:1152,0
DA:1153,0
DA:1154,0
DA:1155,0
DA:1160,0
DA:1161,0
DA:1162,0
DA:1163,0
DA:1168,0
DA:1175,0
DA:1176,0
DA:1180,0
DA:1181,0
DA:1187,0
DA:1191,0
DA:1192,0
DA:1198,0
DA:1202,0
DA:1203,0
DA:1209,0
DA:1220,0
DA:1223,0
DA:1224,0
DA:1225,0
DA:1228,0
DA:1229,0
DA:1240,0
DA:1244,0
DA:1245,0
DA:1256,0
DA:1259,0
DA:1269,0
DA:1270,0
DA:1277,22
DA:1278,0
DA:1279,0
DA:1280,0
DA:1281,0
DA:1284,0
DA:1289,0
DA:1290,0
DA:1294,0
DA:1295,0
DA:1296,0
DA:1298,0
DA:1299,0
DA:1305,0
DA:1310,0
DA:1315,0
DA:1330,0
DA:1331,0
DA:1343,0
DA:1344,0
DA:1353,0
DA:1354,0
DA:1358,0
DA:1360,0
DA:1361,0
DA:1368,22
DA:1369,0
DA:1370,0
DA:1373,0
DA:1383,0
DA:1384,0
DA:1389,0
DA:1390,0
DA:1391,0
DA:1395,0
DA:1409,0
DA:1411,0
DA:1412,0
DA:1421,22
DA:1422,0
DA:1423,0
DA:1424,0
DA:1425,0
DA:1428,0
DA:1433,0
DA:1434,0
DA:1438,0
DA:1439,0
DA:1445,0
DA:1446,0
DA:1449,0
DA:1450,0
DA:1453,0
DA:1454,0
DA:1457,0
DA:1458,0
DA:1461,0
DA:1464,0
DA:1465,0
DA:1467,0
DA:1482,0
DA:1483,0
DA:1491,22
DA:1492,0
DA:1493,0
DA:1494,0
DA:1497,0
DA:1498,0
DA:1501,0
DA:1513,0
DA:1519,0
DA:1520,0
DA:1525,0
DA:1526,0
DA:1527,0
DA:1531,0
DA:1532,0
DA:1533,0
DA:1558,0
DA:1568,0
DA:1569,0
LF:486
LH:111
BRDA:29,0,0,1
BRDA:29,0,1,6
BRDA:29,1,0,7
BRDA:29,1,1,7
BRDA:29,1,2,6
BRDA:29,1,3,6
BRDA:29,1,4,6
BRDA:35,2,0,1
BRDA:35,2,1,5
BRDA:43,3,0,1
BRDA:43,3,1,3
BRDA:48,4,0,1
BRDA:48,4,1,2
BRDA:61,5,0,1
BRDA:61,5,1,1
BRDA:75,6,0,1
BRDA:75,6,1,0
BRDA:76,7,0,0
BRDA:76,7,1,1
BRDA:85,8,0,1
BRDA:85,8,1,0
BRDA:88,9,0,1
BRDA:88,9,1,0
BRDA:89,10,0,0
BRDA:89,10,1,1
BRDA:118,11,0,0
BRDA:118,11,1,0
BRDA:149,12,0,0
BRDA:149,12,1,0
BRDA:150,13,0,0
BRDA:150,13,1,0
BRDA:151,14,0,0
BRDA:151,14,1,0
BRDA:152,15,0,0
BRDA:152,15,1,0
BRDA:153,16,0,0
BRDA:153,16,1,0
BRDA:192,17,0,0
BRDA:192,17,1,0
BRDA:199,18,0,0
BRDA:199,18,1,0
BRDA:200,19,0,0
BRDA:200,19,1,0
BRDA:201,20,0,0
BRDA:201,20,1,0
BRDA:202,21,0,0
BRDA:202,21,1,0
BRDA:203,22,0,0
BRDA:203,22,1,0
BRDA:229,23,0,1
BRDA:229,23,1,3
BRDA:238,24,0,1
BRDA:238,24,1,2
BRDA:242,25,0,1
BRDA:242,25,1,1
BRDA:242,26,0,2
BRDA:242,26,1,1
BRDA:249,27,0,0
BRDA:249,27,1,1
BRDA:249,28,0,1
BRDA:249,28,1,0
BRDA:286,29,0,1
BRDA:286,29,1,4
BRDA:286,30,0,5
BRDA:286,30,1,4
BRDA:295,31,0,1
BRDA:295,31,1,3
BRDA:299,32,0,1
BRDA:299,32,1,2
BRDA:305,33,0,1
BRDA:305,33,1,1
BRDA:340,34,0,1
BRDA:340,34,1,2
BRDA:344,35,0,1
BRDA:344,35,1,1
BRDA:378,36,0,1
BRDA:378,36,1,2
BRDA:382,37,0,1
BRDA:382,37,1,1
BRDA:389,38,0,1
BRDA:389,38,1,0
BRDA:420,39,0,0
BRDA:420,39,1,0
BRDA:427,40,0,0
BRDA:427,40,1,0
BRDA:428,41,0,0
BRDA:428,41,1,0
BRDA:429,42,0,0
BRDA:429,42,1,0
BRDA:430,43,0,0
BRDA:430,43,1,0
BRDA:431,44,0,0
BRDA:431,44,1,0
BRDA:470,45,0,0
BRDA:470,45,1,0
BRDA:471,46,0,0
BRDA:471,46,1,0
BRDA:481,47,0,0
BRDA:481,47,1,0
BRDA:481,48,0,0
BRDA:481,48,1,0
BRDA:483,49,0,0
BRDA:483,49,1,0
BRDA:486,50,0,0
BRDA:486,50,1,0
BRDA:493,51,0,0
BRDA:493,51,1,0
BRDA:507,52,0,0
BRDA:507,52,1,0
BRDA:570,53,0,0
BRDA:570,53,1,0
BRDA:593,54,0,0
BRDA:593,54,1,0
BRDA:593,55,0,0
BRDA:593,55,1,0
BRDA:602,56,0,0
BRDA:602,56,1,0
BRDA:606,57,0,0
BRDA:606,57,1,0
BRDA:610,58,0,0
BRDA:610,58,1,0
BRDA:615,59,0,0
BRDA:615,59,1,0
BRDA:625,60,0,0
BRDA:625,60,1,0
BRDA:663,61,0,0
BRDA:663,61,1,0
BRDA:663,61,2,0
BRDA:671,62,0,0
BRDA:671,62,1,0
BRDA:671,62,2,0
BRDA:679,63,0,0
BRDA:679,63,1,0
BRDA:679,63,2,0
BRDA:682,64,0,0
BRDA:682,64,1,0
BRDA:690,65,0,0
BRDA:690,65,1,0
BRDA:773,66,0,0
BRDA:773,66,1,0
BRDA:787,67,0,0
BRDA:787,67,1,0
BRDA:787,68,0,0
BRDA:787,68,1,0
BRDA:792,69,0,0
BRDA:792,69,1,0
BRDA:840,70,0,0
BRDA:840,70,1,0
BRDA:840,71,0,0
BRDA:840,71,1,0
BRDA:870,72,0,0
BRDA:870,72,1,0
BRDA:886,73,0,0
BRDA:886,73,1,0
BRDA:886,74,0,0
BRDA:886,74,1,0
BRDA:917,75,0,0
BRDA:917,75,1,0
BRDA:919,76,0,0
BRDA:919,76,1,0
BRDA:924,77,0,0
BRDA:924,77,1,0
BRDA:930,78,0,0
BRDA:930,78,1,0
BRDA:945,79,0,0
BRDA:945,79,1,0
BRDA:953,80,0,0
BRDA:953,80,1,0
BRDA:953,81,0,0
BRDA:953,81,1,0
BRDA:958,82,0,0
BRDA:958,82,1,0
BRDA:958,83,0,0
BRDA:958,83,1,0
BRDA:958,83,2,0
BRDA:960,84,0,0
BRDA:960,84,1,0
BRDA:969,85,0,0
BRDA:969,85,1,0
BRDA:971,86,0,0
BRDA:971,86,1,0
BRDA:1005,87,0,0
BRDA:1005,87,1,0
BRDA:1005,88,0,0
BRDA:1005,88,1,0
BRDA:1020,89,0,0
BRDA:1020,89,1,0
BRDA:1020,90,0,0
BRDA:1020,90,1,0
BRDA:1025,91,0,0
BRDA:1025,91,1,0
BRDA:1025,92,0,0
BRDA:1025,92,1,0
BRDA:1031,93,0,0
BRDA:1031,93,1,0
BRDA:1044,94,0,0
BRDA:1044,94,1,0
BRDA:1049,95,0,0
BRDA:1049,95,1,0
BRDA:1060,96,0,0
BRDA:1060,96,1,0
BRDA:1077,97,0,0
BRDA:1077,97,1,0
BRDA:1129,98,0,0
BRDA:1129,98,1,0
BRDA:1129,99,0,0
BRDA:1129,99,1,0
BRDA:1137,100,0,0
BRDA:1137,100,1,0
BRDA:1137,101,0,0
BRDA:1137,101,1,0
BRDA:1140,102,0,0
BRDA:1140,102,1,0
BRDA:1147,103,0,0
BRDA:1147,103,1,0
BRDA:1152,104,0,0
BRDA:1152,104,1,0
BRDA:1152,105,0,0
BRDA:1152,105,1,0
BRDA:1154,106,0,0
BRDA:1154,106,1,0
BRDA:1160,107,0,0
BRDA:1160,107,1,0
BRDA:1160,108,0,0
BRDA:1160,108,1,0
BRDA:1162,109,0,0
BRDA:1162,109,1,0
BRDA:1175,110,0,0
BRDA:1175,110,1,0
BRDA:1180,111,0,0
BRDA:1180,111,1,0
BRDA:1191,112,0,0
BRDA:1191,112,1,0
BRDA:1202,113,0,0
BRDA:1202,113,1,0
BRDA:1214,114,0,0
BRDA:1214,114,1,0
BRDA:1215,115,0,0
BRDA:1215,115,1,0
BRDA:1216,116,0,0
BRDA:1216,116,1,0
BRDA:1217,117,0,0
BRDA:1217,117,1,0
BRDA:1289,118,0,0
BRDA:1289,118,1,0
BRDA:1298,119,0,0
BRDA:1298,119,1,0
BRDA:1298,120,0,0
BRDA:1298,120,1,0
BRDA:1298,120,2,0
BRDA:1330,121,0,0
BRDA:1330,121,1,0
BRDA:1330,122,0,0
BRDA:1330,122,1,0
BRDA:1330,122,2,0
BRDA:1343,123,0,0
BRDA:1343,123,1,0
BRDA:1353,124,0,0
BRDA:1353,124,1,0
BRDA:1353,125,0,0
BRDA:1353,125,1,0
BRDA:1403,126,0,0
BRDA:1403,126,1,0
BRDA:1433,127,0,0
BRDA:1433,127,1,0
BRDA:1438,128,0,0
BRDA:1438,128,1,0
BRDA:1438,129,0,0
BRDA:1438,129,1,0
BRDA:1445,130,0,0
BRDA:1445,130,1,0
BRDA:1449,131,0,0
BRDA:1449,131,1,0
BRDA:1449,132,0,0
BRDA:1449,132,1,0
BRDA:1453,133,0,0
BRDA:1453,133,1,0
BRDA:1457,134,0,0
BRDA:1457,134,1,0
BRDA:1494,135,0,0
BRDA:1494,136,0,0
BRDA:1494,137,0,0
BRDA:1498,138,0,0
BRDA:1498,138,1,0
BRDA:1537,139,0,0
BRDA:1537,139,1,0
BRDA:1538,140,0,0
BRDA:1538,140,1,0
BRDA:1542,141,0,0
BRDA:1542,141,1,0
BRDA:1543,142,0,0
BRDA:1543,142,1,0
BRDA:1551,143,0,0
BRDA:1551,143,1,0
BRDA:1552,144,0,0
BRDA:1552,144,1,0
BRDA:1553,145,0,0
BRDA:1553,145,1,0
BRDA:1554,146,0,0
BRDA:1554,146,1,0
BRF:300
BRH:49
end_of_record
TN:
SF:src\modules\students\studentProfileController.js
FN:11,(anonymous_0)
FN:54,(anonymous_1)
FN:73,(anonymous_2)
FN:84,(anonymous_3)
FN:85,(anonymous_4)
FN:87,(anonymous_5)
FN:97,(anonymous_6)
FN:99,(anonymous_7)
FN:128,(anonymous_8)
FN:162,(anonymous_9)
FN:208,(anonymous_10)
FN:233,(anonymous_11)
FN:254,(anonymous_12)
FN:282,(anonymous_13)
FN:316,(anonymous_14)
FN:340,(anonymous_15)
FNF:16
FNH:6
FNDA:0,(anonymous_0)
FNDA:0,(anonymous_1)
FNDA:0,(anonymous_2)
FNDA:0,(anonymous_3)
FNDA:0,(anonymous_4)
FNDA:0,(anonymous_5)
FNDA:0,(anonymous_6)
FNDA:0,(anonymous_7)
FNDA:3,(anonymous_8)
FNDA:6,(anonymous_9)
FNDA:2,(anonymous_10)
FNDA:0,(anonymous_11)
FNDA:0,(anonymous_12)
FNDA:2,(anonymous_13)
FNDA:2,(anonymous_14)
FNDA:1,(anonymous_15)
DA:1,16
DA:2,16
DA:3,16
DA:4,16
DA:5,16
DA:6,16
DA:11,16
DA:12,0
DA:13,0
DA:16,0
DA:20,0
DA:21,0
DA:30,0
DA:52,0
DA:53,0
DA:54,0
DA:55,0
DA:57,0
DA:62,0
DA:73,0
DA:83,0
DA:84,0
DA:85,0
DA:87,0
DA:96,0
DA:97,0
DA:99,0
DA:107,0
DA:120,0
DA:121,0
DA:128,16
DA:129,3
DA:130,3
DA:132,3
DA:136,2
DA:137,1
DA:140,1
DA:154,1
DA:155,1
DA:162,16
DA:163,6
DA:164,6
DA:165,6
DA:168,6
DA:169,1
DA:172,5
DA:173,1
DA:176,4
DA:177,1
DA:180,3
DA:181,3
DA:182,1
DA:186,2
DA:187,2
DA:188,1
DA:192,1
DA:193,1
DA:194,1
DA:195,1
DA:196,1
DA:198,1
DA:200,0
DA:201,0
DA:208,16
DA:209,2
DA:210,2
DA:212,2
DA:213,1
DA:216,1
DA:218,1
DA:220,1
DA:225,0
DA:226,0
DA:233,16
DA:234,0
DA:235,0
DA:238,0
DA:244,0
DA:252,0
DA:253,0
DA:254,0
DA:255,0
DA:259,0
DA:262,0
DA:266,0
DA:274,0
DA:275,0
DA:282,16
DA:283,2
DA:284,2
DA:286,2
DA:287,1
DA:290,1
DA:298,1
DA:303,1
DA:308,0
DA:309,0
DA:316,16
DA:317,2
DA:318,2
DA:320,2
DA:324,2
DA:325,1
DA:328,1
DA:332,0
DA:333,0
DA:340,16
DA:341,1
DA:342,1
DA:343,1
DA:345,1
DA:350,1
DA:352,0
DA:353,0
LF:114
LH:68
BRDA:20,0,0,0
BRDA:20,0,1,0
BRDA:53,1,0,0
BRDA:53,1,1,0
BRDA:54,2,0,0
BRDA:54,2,1,0
BRDA:57,3,0,0
BRDA:57,3,1,0
BRDA:75,4,0,0
BRDA:75,4,1,0
BRDA:76,5,0,0
BRDA:76,5,1,0
BRDA:78,6,0,0
BRDA:78,6,1,0
BRDA:79,7,0,0
BRDA:79,7,1,0
BRDA:84,8,0,0
BRDA:84,8,1,0
BRDA:89,9,0,0
BRDA:89,9,1,0
BRDA:91,10,0,0
BRDA:91,10,1,0
BRDA:92,11,0,0
BRDA:92,11,1,0
BRDA:101,12,0,0
BRDA:101,12,1,0
BRDA:103,13,0,0
BRDA:103,13,1,0
BRDA:136,14,0,1
BRDA:136,14,1,1
BRDA:168,15,0,1
BRDA:168,15,1,5
BRDA:168,16,0,6
BRDA:168,16,1,6
BRDA:168,16,2,5
BRDA:172,17,0,1
BRDA:172,17,1,4
BRDA:176,18,0,1
BRDA:176,18,1,3
BRDA:181,19,0,1
BRDA:181,19,1,2
BRDA:187,20,0,1
BRDA:187,20,1,1
BRDA:212,21,0,1
BRDA:212,21,1,1
BRDA:253,22,0,0
BRDA:253,22,1,0
BRDA:254,23,0,0
BRDA:254,23,1,0
BRDA:262,24,0,0
BRDA:262,24,1,0
BRDA:286,25,0,1
BRDA:286,25,1,1
BRDA:324,26,0,1
BRDA:324,26,1,1
BRDA:329,27,0,1
BRDA:329,27,1,0
BRF:57
BRH:22
end_of_record
TN:
SF:src\utils\jwt.js
FN:33,signAccessToken
FN:37,signRefreshToken
FN:42,verifyAccessToken
FN:49,verifyRefreshToken
FN:57,hashToken
FN:61,generateRandomToken
FNF:6
FNH:6
FNDA:6,signAccessToken
FNDA:4,signRefreshToken
FNDA:4,verifyAccessToken
FNDA:3,verifyRefreshToken
FNDA:5,hashToken
FNDA:4,generateRandomToken
DA:1,1
DA:2,1
DA:5,1
DA:6,1
DA:8,1
DA:12,1
DA:17,1
DA:18,1
DA:19,0
DA:20,0
DA:25,0
DA:26,0
DA:27,0
DA:34,6
DA:35,4
DA:38,4
DA:39,3
DA:43,4
DA:44,4
DA:46,3
DA:50,3
DA:51,3
DA:53,2
DA:58,5
DA:62,4
DA:65,1
LF:26
LH:21
BRDA:8,0,0,1
BRDA:8,0,1,0
BRDA:8,0,2,0
BRDA:12,1,0,1
BRDA:12,1,1,0
BRDA:12,1,2,0
BRDA:18,2,0,0
BRDA:18,2,1,1
BRDA:18,3,0,1
BRDA:18,3,1,1
BRDA:19,4,0,0
BRDA:19,4,1,0
BRDA:25,5,0,0
BRDA:25,5,1,0
BRDA:26,6,0,0
BRDA:26,6,1,0
BRDA:34,7,0,2
BRDA:34,7,1,4
BRDA:38,8,0,1
BRDA:38,8,1,3
BRDA:61,9,0,3
BRF:21
BRH:10
end_of_record
